2017-07-18T22:11:36: ********************************************************************************
2017-07-18T22:11:36: *                                   csobsdef                                   *
2017-07-18T22:11:36: * ---------------------------------------------------------------------------- *
2017-07-18T22:11:36: * Version: 1.3.0                                                               *
2017-07-18T22:11:36: ********************************************************************************
2017-07-18T22:11:36: +============+
2017-07-18T22:11:36: | Parameters |
2017-07-18T22:11:36: +============+
2017-07-18T22:11:36:  inpnt .....................: obs_test.csv
2017-07-18T22:11:36:  outobs ....................: out_csobsdef.xml
2017-07-18T22:11:36:  duration ..................: [not queried]
2017-07-18T22:11:36:  name ......................: None
2017-07-18T22:11:36:  caldb .....................: prod2
2017-07-18T22:11:36:  irf .......................: South_0.5h
2017-07-18T22:11:36:  emin ......................: UNDEF
2017-07-18T22:11:36:  emax ......................: UNDEF
2017-07-18T22:11:36:  rad .......................: 8
2017-07-18T22:11:36:  deadc .....................: 0.95
2017-07-18T22:11:36:  chatter ...................: 2
2017-07-18T22:11:36:  clobber ...................: yes
2017-07-18T22:11:36:  debug .....................: no
2017-07-18T22:11:36:  mode ......................: ql
2017-07-18T22:11:36:  logfile ...................: csobsdef.log
2017-07-18T22:11:36: 
2017-07-18T22:11:36: +==========================================+
2017-07-18T22:11:36: | Creating observation definition XML file |
2017-07-18T22:11:36: +==========================================+
2017-07-18T22:11:37:  CTA observation ...........: Name="Crab" ID="0001"
2017-07-18T22:11:37:  CTA observation ...........: Name="Crab" ID="0002"
2017-07-18T22:11:37: 
2017-07-18T22:11:37: +======================================+
2017-07-18T22:11:37: | Save observation definition XML file |
2017-07-18T22:11:37: +======================================+
2017-07-18T22:11:37:  Observation XML file ......: out_csobsdef.xml
2017-07-18T23:10:12: 
2017-07-18T23:10:12: Application "csobsdef" terminated after 3516 wall clock seconds, consuming 0.76 seconds of CPU time.
